<?xml version="1.0" encoding="UTF-8"?>
<!-- Generated by org.testng.reporters.JUnitXMLReporter -->
<testsuite ignored="0" hostname="DESKTOP-D4ECH1I" failures="0" tests="2" name="Default test" time="13.912" errors="0" timestamp="2023-07-24T23:20:11 GMT-07:00">
  <testcase classname="io.cucumber.testng.AbstractTestNGCucumberTests" name="runScenario" time="12.83"/>
  <testcase classname="io.cucumber.testng.AbstractTestNGCucumberTests" name="runScenario" time="13.744"/>
</testsuite> <!-- Default test -->
