<?xml version="1.0" encoding="UTF-8"?>
<testng-results ignored="0" total="2" passed="2" failed="0" skipped="0">
  <reporter-output>
  </reporter-output>
  <suite started-at="2023-07-24T23:19:57 GMT-07:00" name="Default suite" finished-at="2023-07-24T23:20:11 GMT-07:00" duration-ms="13912">
    <groups>
      <group name="cucumber">
        <method signature="AbstractTestNGCucumberTests.runScenario(io.cucumber.testng.PickleWrapper,io.cucumber.testng.FeatureWrapper)[pri:0, instance:cucumberOptions.TestRunner_Testing@53fb3dab]" name="runScenario" class="io.cucumber.testng.AbstractTestNGCucumberTests"/>
      </group> <!-- cucumber -->
    </groups>
    <test started-at="2023-07-24T23:19:57 GMT-07:00" name="Default test" finished-at="2023-07-24T23:20:11 GMT-07:00" duration-ms="13912">
      <class name="cucumberOptions.TestRunner_Testing">
        <test-method is-config="true" signature="setUpClass(org.testng.ITestContext)[pri:0, instance:cucumberOptions.TestRunner_Testing@53fb3dab]" started-at="2023-07-24T23:19:57 GMT-07:00" name="setUpClass" finished-at="2023-07-24T23:19:57 GMT-07:00" duration-ms="139" status="PASS">
          <params>
            <param index="0">
              <value>
                <![CDATA[org.testng.TestRunner@66b7550d]]>
              </value>
            </param>
          </params>
          <reporter-output>
          </reporter-output>
        </test-method> <!-- setUpClass -->
        <test-method signature="runScenario(io.cucumber.testng.PickleWrapper,io.cucumber.testng.FeatureWrapper)[pri:0, instance:cucumberOptions.TestRunner_Testing@53fb3dab]" started-at="2023-07-24T23:19:57 GMT-07:00" name="runScenario" description="Runs Cucumber Scenarios" data-provider="scenarios" finished-at="2023-07-24T23:20:10 GMT-07:00" duration-ms="12830" status="PASS">
          <params>
            <param index="0">
              <value>
                <![CDATA["Parralel execution using testng"]]>
              </value>
            </param>
            <param index="1">
              <value>
                <![CDATA["testing parallel"]]>
              </value>
            </param>
          </params>
          <reporter-output>
          </reporter-output>
        </test-method> <!-- runScenario -->
        <test-method signature="runScenario(io.cucumber.testng.PickleWrapper,io.cucumber.testng.FeatureWrapper)[pri:0, instance:cucumberOptions.TestRunner_Testing@53fb3dab]" started-at="2023-07-24T23:19:57 GMT-07:00" name="runScenario" description="Runs Cucumber Scenarios" data-provider="scenarios" finished-at="2023-07-24T23:20:11 GMT-07:00" duration-ms="13744" status="PASS">
          <params>
            <param index="0">
              <value>
                <![CDATA["Parralel execution using testng"]]>
              </value>
            </param>
            <param index="1">
              <value>
                <![CDATA["testing parallel"]]>
              </value>
            </param>
          </params>
          <reporter-output>
          </reporter-output>
        </test-method> <!-- runScenario -->
        <test-method is-config="true" signature="tearDownClass()[pri:0, instance:cucumberOptions.TestRunner_Testing@53fb3dab]" started-at="2023-07-24T23:20:11 GMT-07:00" name="tearDownClass" finished-at="2023-07-24T23:20:11 GMT-07:00" duration-ms="4" status="PASS">
          <reporter-output>
          </reporter-output>
        </test-method> <!-- tearDownClass -->
      </class> <!-- cucumberOptions.TestRunner_Testing -->
    </test> <!-- Default test -->
  </suite> <!-- Default suite -->
</testng-results>
